Arguments: 
  C:\Program Files\nodejs\node.exe C:\Program Files (x86)\Yarn\bin\yarn.js add -D @types/node

PATH: 
  D:\Program\cmder\vendor\git-for-windows\mingw64\bin;D:\Program\cmder\vendor\git-for-windows\usr\bin;C:\Users\leo\bin;C:\Program Files (x86)\Common Files\Oracle\Java\javapath;C:\Program Files (x86)\Razer Chroma SDK\bin;C:\Program Files\Razer Chroma SDK\bin;C:\Program Files (x86)\Intel\iCLS Client;C:\Program Files\Intel\iCLS Client;C:\Windows\system32;C:\Windows;C:\Windows\System32\Wbem;C:\Windows\System32\WindowsPowerShell\v1.0;C:\Program Files (x86)\NVIDIA Corporation\PhysX\Common;C:\Program Files (x86)\Intel\Intel(R) Management Engine Components\DAL;C:\Program Files\Intel\Intel(R) Management Engine Components\DAL;C:\Program Files (x86)\Intel\Intel(R) Management Engine Components\IPT;C:\Program Files\Intel\Intel(R) Management Engine Components\IPT;C:\Program Files\Intel\WiFi\bin;C:\Program Files\Common Files\Intel\WirelessCommon;C:\WINDOWS\system32;C:\WINDOWS;C:\WINDOWS\System32\Wbem;C:\WINDOWS\System32\WindowsPowerShell\v1.0;C:\WINDOWS\System32\OpenSSH;C:\Users\leo\AppData\Local\Programs\Python\Python37\Scripts;C:\Users\leo\AppData\Local\Programs\Python\Python37;D:\Program\python\Scripts;C:\Users\leo\AppData\Roaming\nvm;C:\Program Files\nodejs;C:\Program Files (x86)\Yarn\bin;D:\Program\vscode\Microsoft VS Code\bin;C:\Program Files\NVIDIA Corporation\NVIDIA NvDLISR;C:\Program Files\dotnet;D:\Program\ruby\Ruby26-x64\bin;C:\Users\leo\AppData\Local\Programs\Python\Python37\Scripts;C:\Users\leo\AppData\Local\Programs\Python\Python37;D:\Program\python\Scripts;D:\Program\python;C:\Users\leo\AppData\Local\Microsoft\WindowsApps;D:\Program\vscode\Microsoft VS Code\bin;C:\Program Files (x86)\Egret\Egret Wing 3\bin;C:\Users\leo\AppData\Roaming\npm;D:\Soft\webstorm\WebStorm 2019.3\bin;D:\Soft\goland\GoLand 2019.3\bin;D:\Soft\Intellij\IntelliJ IDEA 2019.3\bin;C:\Users\leo\go\bin;C:\Users\leo\AppData\Roaming\nvm;C:\Program Files\nodejs;C:\Users\leo\AppData\Local\Yarn\bin;D:\Soft\rubymine\RubyMine 2019.3.4\bin;D:\Program\cmder\vendor\git-for-windows\usr\bin;D:\Program\cmder\vendor\git-for-windows\mingw64\bin;C:\Users\leo\.dotnet\tools

Yarn version: 
  1.22.0

Node version: 
  13.9.0

Platform: 
  win32 x64

Trace: 
  SyntaxError: D:\Program\node-projects\node-static-server\package.json: Unexpected token } in JSON at position 98
      at JSON.parse (<anonymous>)
      at C:\Program Files (x86)\Yarn\lib\cli.js:1625:59
      at Generator.next (<anonymous>)
      at step (C:\Program Files (x86)\Yarn\lib\cli.js:310:30)
      at C:\Program Files (x86)\Yarn\lib\cli.js:321:13

npm manifest: 
  {
    "name": "node-static-server",
    "version": "1.0.0",
    "main": "index.js",
    "license": "MIT",
  }

yarn manifest: 
  No manifest

Lockfile: 
  No lockfile
